<?xml version="1.0" encoding="UTF-8"?>
<!-- Generated by org.testng.reporters.JUnitXMLReporter -->
<testsuite hostname="DESKTOP-R2NKM0G" ignored="0" name="Surefire test" tests="2" failures="0" timestamp="25 Feb 2021 10:59:33 GMT" time="36.109" errors="0">
  <testcase name="runScenario" time="26.225" classname="io.cucumber.testng.AbstractTestNGCucumberTests"/>
  <testcase name="runScenario" time="31.276" classname="io.cucumber.testng.AbstractTestNGCucumberTests"/>
</testsuite> <!-- Surefire test -->
