<?xml version="1.0" encoding="UTF-8"?>
<!-- Generated by org.testng.reporters.JUnitXMLReporter -->
<testsuite hostname="DESKTOP-R2NKM0G" ignored="0" name="Surefire test" tests="2" failures="0" timestamp="02 Mar 2021 07:37:36 GMT" time="37.026" errors="0">
  <testcase name="runScenario" time="25.416" classname="io.cucumber.testng.AbstractTestNGCucumberTests"/>
  <testcase name="runScenario" time="32.985" classname="io.cucumber.testng.AbstractTestNGCucumberTests"/>
</testsuite> <!-- Surefire test -->
